<?xml version="1.0" encoding="UTF-8"?>
<!-- Generated by org.testng.reporters.JUnitXMLReporter -->
<testsuite ignored="0" hostname="A2ML42483" failures="3" tests="3" name="Default test" time="33.211" errors="0" timestamp="2022-04-15T18:32:26 IST">
  <testcase classname="io.cucumber.testng.AbstractTestNGCucumberTests" name="runScenario" time="16.937">
    <failure type="java.lang.NullPointerException" message="Cannot invoke &amp;quot;pages.MotorInsureNewPolicy_Page.clickMotorIcon()&amp;quot; because &amp;quot;this.motorInsurance&amp;quot; is null">
      <![CDATA[java.lang.NullPointerException: Cannot invoke "pages.MotorInsureNewPolicy_Page.clickMotorIcon()" because "this.motorInsurance" is null
at stepdefinitions.MotorInsureNewPolicy_EnterDetails_AR.user_click_on_the_motor_option(MotorInsureNewPolicy_EnterDetails_AR.java:50)
at ✽.User click on the motor option(file:///C:/ArtDCP_BDD/src/test/resources/features/Motor_Insure_New_Policy_EnterDetails.feature:11)
]]>
    </failure>
  </testcase> <!-- runScenario -->
  <testcase classname="io.cucumber.testng.AbstractTestNGCucumberTests" name="runScenario" time="8.083">
    <failure type="java.lang.NullPointerException" message="Cannot invoke &amp;quot;pages.MotorInsureNewPolicy_Page.clickMotorIcon()&amp;quot; because &amp;quot;this.motorInsurance&amp;quot; is null">
      <![CDATA[java.lang.NullPointerException: Cannot invoke "pages.MotorInsureNewPolicy_Page.clickMotorIcon()" because "this.motorInsurance" is null
at stepdefinitions.MotorInsureNewPolicy_EnterDetails_AR.user_click_on_the_motor_option(MotorInsureNewPolicy_EnterDetails_AR.java:50)
at ✽.User click on the motor option(file:///C:/ArtDCP_BDD/src/test/resources/features/Motor_Insure_New_Policy_EnterDetails.feature:11)
]]>
    </failure>
  </testcase> <!-- runScenario -->
  <testcase classname="io.cucumber.testng.AbstractTestNGCucumberTests" name="runScenario" time="7.458">
    <failure type="java.lang.NullPointerException" message="Cannot invoke &amp;quot;pages.MotorInsureNewPolicy_Page.clickMotorIcon()&amp;quot; because &amp;quot;this.motorInsurance&amp;quot; is null">
      <![CDATA[java.lang.NullPointerException: Cannot invoke "pages.MotorInsureNewPolicy_Page.clickMotorIcon()" because "this.motorInsurance" is null
at stepdefinitions.MotorInsureNewPolicy_EnterDetails_AR.user_click_on_the_motor_option(MotorInsureNewPolicy_EnterDetails_AR.java:50)
at ✽.User click on the motor option(file:///C:/ArtDCP_BDD/src/test/resources/features/Motor_Insure_New_Policy_EnterDetails.feature:11)
]]>
    </failure>
  </testcase> <!-- runScenario -->
</testsuite> <!-- Default test -->
