<?xml version="1.0" encoding="UTF-8"?>
<testng-results ignored="0" total="3" passed="0" failed="3" skipped="0">
  <reporter-output>
  </reporter-output>
  <suite started-at="2022-04-15T18:31:53 IST" name="Default suite" finished-at="2022-04-15T18:32:26 IST" duration-ms="33211">
    <groups>
      <group name="cucumber">
        <method signature="AbstractTestNGCucumberTests.runScenario(io.cucumber.testng.PickleWrapper,io.cucumber.testng.FeatureWrapper)[pri:0, instance:runner.CucumberRunner@5e600dd5]" name="runScenario" class="io.cucumber.testng.AbstractTestNGCucumberTests"/>
      </group> <!-- cucumber -->
    </groups>
    <test started-at="2022-04-15T18:31:53 IST" name="Default test" finished-at="2022-04-15T18:32:26 IST" duration-ms="33211">
      <class name="runner.CucumberRunner">
        <test-method is-config="true" signature="setUpClass(org.testng.ITestContext)[pri:0, instance:runner.CucumberRunner@5e600dd5]" started-at="2022-04-15T18:31:53 IST" name="setUpClass" finished-at="2022-04-15T18:31:53 IST" duration-ms="532" status="PASS">
          <params>
            <param index="0">
              <value>
                <![CDATA[org.testng.TestRunner@75769ab0]]>
              </value>
            </param>
          </params>
          <reporter-output>
          </reporter-output>
        </test-method> <!-- setUpClass -->
        <test-method signature="runScenario(io.cucumber.testng.PickleWrapper,io.cucumber.testng.FeatureWrapper)[pri:0, instance:runner.CucumberRunner@5e600dd5]" started-at="2022-04-15T18:31:53 IST" name="runScenario" description="Runs Cucumber Scenarios" data-provider="scenarios" finished-at="2022-04-15T18:32:10 IST" duration-ms="16937" status="FAIL">
          <params>
            <param index="0">
              <value>
                <![CDATA["Motor Insure New Policy EnterDetails scenario"]]>
              </value>
            </param>
            <param index="1">
              <value>
                <![CDATA["Optional[Motor Insure New Policy EnterDetails]"]]>
              </value>
            </param>
          </params>
          <exception class="java.lang.NullPointerException">
            <message>
              <![CDATA[Cannot invoke "pages.MotorInsureNewPolicy_Page.clickMotorIcon()" because "this.motorInsurance" is null]]>
            </message>
            <full-stacktrace>
              <![CDATA[java.lang.NullPointerException: Cannot invoke "pages.MotorInsureNewPolicy_Page.clickMotorIcon()" because "this.motorInsurance" is null
at stepdefinitions.MotorInsureNewPolicy_EnterDetails_AR.user_click_on_the_motor_option(MotorInsureNewPolicy_EnterDetails_AR.java:50)
at ✽.User click on the motor option(file:///C:/ArtDCP_BDD/src/test/resources/features/Motor_Insure_New_Policy_EnterDetails.feature:11)
]]>
            </full-stacktrace>
          </exception> <!-- java.lang.NullPointerException -->
          <reporter-output>
          </reporter-output>
        </test-method> <!-- runScenario -->
        <test-method signature="runScenario(io.cucumber.testng.PickleWrapper,io.cucumber.testng.FeatureWrapper)[pri:0, instance:runner.CucumberRunner@5e600dd5]" started-at="2022-04-15T18:32:10 IST" name="runScenario" description="Runs Cucumber Scenarios" data-provider="scenarios" finished-at="2022-04-15T18:32:18 IST" duration-ms="8083" status="FAIL">
          <params>
            <param index="0">
              <value>
                <![CDATA["Motor Insure New Policy EnterDetails scenario"]]>
              </value>
            </param>
            <param index="1">
              <value>
                <![CDATA["Optional[Motor Insure New Policy EnterDetails]"]]>
              </value>
            </param>
          </params>
          <exception class="java.lang.NullPointerException">
            <message>
              <![CDATA[Cannot invoke "pages.MotorInsureNewPolicy_Page.clickMotorIcon()" because "this.motorInsurance" is null]]>
            </message>
            <full-stacktrace>
              <![CDATA[java.lang.NullPointerException: Cannot invoke "pages.MotorInsureNewPolicy_Page.clickMotorIcon()" because "this.motorInsurance" is null
at stepdefinitions.MotorInsureNewPolicy_EnterDetails_AR.user_click_on_the_motor_option(MotorInsureNewPolicy_EnterDetails_AR.java:50)
at ✽.User click on the motor option(file:///C:/ArtDCP_BDD/src/test/resources/features/Motor_Insure_New_Policy_EnterDetails.feature:11)
]]>
            </full-stacktrace>
          </exception> <!-- java.lang.NullPointerException -->
          <reporter-output>
          </reporter-output>
        </test-method> <!-- runScenario -->
        <test-method signature="runScenario(io.cucumber.testng.PickleWrapper,io.cucumber.testng.FeatureWrapper)[pri:0, instance:runner.CucumberRunner@5e600dd5]" started-at="2022-04-15T18:32:18 IST" name="runScenario" description="Runs Cucumber Scenarios" data-provider="scenarios" finished-at="2022-04-15T18:32:26 IST" duration-ms="7458" status="FAIL">
          <params>
            <param index="0">
              <value>
                <![CDATA["Motor Insure New Policy EnterDetails scenario"]]>
              </value>
            </param>
            <param index="1">
              <value>
                <![CDATA["Optional[Motor Insure New Policy EnterDetails]"]]>
              </value>
            </param>
          </params>
          <exception class="java.lang.NullPointerException">
            <message>
              <![CDATA[Cannot invoke "pages.MotorInsureNewPolicy_Page.clickMotorIcon()" because "this.motorInsurance" is null]]>
            </message>
            <full-stacktrace>
              <![CDATA[java.lang.NullPointerException: Cannot invoke "pages.MotorInsureNewPolicy_Page.clickMotorIcon()" because "this.motorInsurance" is null
at stepdefinitions.MotorInsureNewPolicy_EnterDetails_AR.user_click_on_the_motor_option(MotorInsureNewPolicy_EnterDetails_AR.java:50)
at ✽.User click on the motor option(file:///C:/ArtDCP_BDD/src/test/resources/features/Motor_Insure_New_Policy_EnterDetails.feature:11)
]]>
            </full-stacktrace>
          </exception> <!-- java.lang.NullPointerException -->
          <reporter-output>
          </reporter-output>
        </test-method> <!-- runScenario -->
        <test-method is-config="true" signature="tearDownClass()[pri:0, instance:runner.CucumberRunner@5e600dd5]" started-at="2022-04-15T18:32:26 IST" name="tearDownClass" finished-at="2022-04-15T18:32:26 IST" duration-ms="117" status="PASS">
          <reporter-output>
          </reporter-output>
        </test-method> <!-- tearDownClass -->
      </class> <!-- runner.CucumberRunner -->
    </test> <!-- Default test -->
  </suite> <!-- Default suite -->
</testng-results>
