<?xml version="1.0" encoding="UTF-8"?>
<testng-results ignored="0" total="2" passed="2" failed="0" skipped="0">
  <reporter-output>
  </reporter-output>
  <suite started-at="2022-05-08T16:09:26 IST" name="Default suite" finished-at="2022-05-08T16:10:33 IST" duration-ms="67732">
    <groups>
      <group name="cucumber">
        <method signature="AbstractTestNGCucumberTests.runScenario(io.cucumber.testng.PickleWrapper,io.cucumber.testng.FeatureWrapper)[pri:0, instance:runner.CucumberRunner@771a660]" name="runScenario" class="io.cucumber.testng.AbstractTestNGCucumberTests"/>
      </group> <!-- cucumber -->
    </groups>
    <test started-at="2022-05-08T16:09:26 IST" name="Default test" finished-at="2022-05-08T16:10:33 IST" duration-ms="67732">
      <class name="runner.CucumberRunner">
        <test-method is-config="true" signature="setUpClass(org.testng.ITestContext)[pri:0, instance:runner.CucumberRunner@771a660]" started-at="2022-05-08T16:09:26 IST" name="setUpClass" finished-at="2022-05-08T16:09:26 IST" duration-ms="481" status="PASS">
          <params>
            <param index="0">
              <value>
                <![CDATA[org.testng.TestRunner@1835d3ed]]>
              </value>
            </param>
          </params>
          <reporter-output>
          </reporter-output>
        </test-method> <!-- setUpClass -->
        <test-method signature="runScenario(io.cucumber.testng.PickleWrapper,io.cucumber.testng.FeatureWrapper)[pri:0, instance:runner.CucumberRunner@771a660]" started-at="2022-05-08T16:09:26 IST" name="runScenario" description="Runs Cucumber Scenarios" data-provider="scenarios" finished-at="2022-05-08T16:10:07 IST" duration-ms="41271" status="PASS">
          <params>
            <param index="0">
              <value>
                <![CDATA["Motor Insure New Policy Enter Details EN flow"]]>
              </value>
            </param>
            <param index="1">
              <value>
                <![CDATA["Optional[Motor Insure New Policy Enter Details EN flow]"]]>
              </value>
            </param>
          </params>
          <reporter-output>
          </reporter-output>
        </test-method> <!-- runScenario -->
        <test-method signature="runScenario(io.cucumber.testng.PickleWrapper,io.cucumber.testng.FeatureWrapper)[pri:0, instance:runner.CucumberRunner@771a660]" started-at="2022-05-08T16:10:07 IST" name="runScenario" description="Runs Cucumber Scenarios" data-provider="scenarios" finished-at="2022-05-08T16:10:33 IST" duration-ms="25915" status="PASS">
          <params>
            <param index="0">
              <value>
                <![CDATA["Motor Insure New Policy Enter Details AR flow"]]>
              </value>
            </param>
            <param index="1">
              <value>
                <![CDATA["Optional[Motor Insure New Policy Enter Details AR flow]"]]>
              </value>
            </param>
          </params>
          <reporter-output>
          </reporter-output>
        </test-method> <!-- runScenario -->
        <test-method is-config="true" signature="tearDownClass()[pri:0, instance:runner.CucumberRunner@771a660]" started-at="2022-05-08T16:10:33 IST" name="tearDownClass" finished-at="2022-05-08T16:10:33 IST" duration-ms="15" status="PASS">
          <reporter-output>
          </reporter-output>
        </test-method> <!-- tearDownClass -->
      </class> <!-- runner.CucumberRunner -->
    </test> <!-- Default test -->
  </suite> <!-- Default suite -->
</testng-results>
